[2024-01-22 00:11:05,207: INFO: common: yaml file: config\config.yaml loaded successfully]
[2024-01-22 00:11:05,215: INFO: common: yaml file: params.yaml loaded successfully]
[2024-01-22 00:11:05,221: INFO: common: created directory at: artifacts]
[2024-01-22 00:11:05,225: INFO: common: created directory at: artifacts/data_ingestion]
[2024-01-22 00:11:11,285: INFO: 495574609: artifacts/data_ingestion/data.zip download! with following info: 
Connection: close
Content-Length: 11616915
Cache-Control: max-age=300
Content-Security-Policy: default-src 'none'; style-src 'unsafe-inline'; sandbox
Content-Type: application/zip
ETag: "adf745abc03891fe493c3be264ec012691fe3fa21d861f35a27edbe6d86a76b1"
Strict-Transport-Security: max-age=31536000
X-Content-Type-Options: nosniff
X-Frame-Options: deny
X-XSS-Protection: 1; mode=block
X-GitHub-Request-Id: 798C:3AC304:ADF1C:111DBD:65AD6331
Accept-Ranges: bytes
Date: Sun, 21 Jan 2024 18:41:05 GMT
Via: 1.1 varnish
X-Served-By: cache-hyd1100033-HYD
X-Cache: HIT
X-Cache-Hits: 0
X-Timer: S1705862466.578786,VS0,VE263
Vary: Authorization,Accept-Encoding,Origin
Access-Control-Allow-Origin: *
Cross-Origin-Resource-Policy: cross-origin
X-Fastly-Request-ID: 9072e31f072a6bc4fd2d12ad258a38158a855cbc
Expires: Sun, 21 Jan 2024 18:46:05 GMT
Source-Age: 0

]
[2024-01-22 00:41:05,061: INFO: common: yaml file: config\config.yaml loaded successfully]
[2024-01-22 00:41:05,084: INFO: common: yaml file: params.yaml loaded successfully]
[2024-01-22 00:41:05,089: INFO: common: created directory at: artifacts]
[2024-01-22 00:41:05,091: INFO: common: created directory at: artifacts/data_ingestion]
[2024-01-22 00:41:05,091: INFO: 495574609: File already exists of size: ~ 11345 KB]
[2024-01-22 01:04:03,220: INFO: main: >>>>>> stage Data Ingestion stage started <<<<<<]
[2024-01-22 01:04:03,221: INFO: common: yaml file: config\config.yaml loaded successfully]
[2024-01-22 01:04:03,221: INFO: common: yaml file: params.yaml loaded successfully]
[2024-01-22 01:04:03,221: INFO: common: created directory at: artifacts]
[2024-01-22 01:04:03,221: INFO: common: created directory at: artifacts/data_ingestion]
[2024-01-22 01:04:09,511: INFO: data_ingestion: artifacts/data_ingestion/data.zip download! with following info: 
Connection: close
Content-Length: 11616915
Cache-Control: max-age=300
Content-Security-Policy: default-src 'none'; style-src 'unsafe-inline'; sandbox
Content-Type: application/zip
ETag: "adf745abc03891fe493c3be264ec012691fe3fa21d861f35a27edbe6d86a76b1"
Strict-Transport-Security: max-age=31536000
X-Content-Type-Options: nosniff
X-Frame-Options: deny
X-XSS-Protection: 1; mode=block
X-GitHub-Request-Id: 798C:3AC304:ADF1C:111DBD:65AD6331
Accept-Ranges: bytes
Date: Sun, 21 Jan 2024 19:34:03 GMT
Via: 1.1 varnish
X-Served-By: cache-hyd1100033-HYD
X-Cache: HIT
X-Cache-Hits: 0
X-Timer: S1705865644.576592,VS0,VE261
Vary: Authorization,Accept-Encoding,Origin
Access-Control-Allow-Origin: *
Cross-Origin-Resource-Policy: cross-origin
X-Fastly-Request-ID: 6c91f7aed0d855f214b5932bfb1c27303258ffe8
Expires: Sun, 21 Jan 2024 19:39:03 GMT
Source-Age: 0

]
[2024-01-22 01:04:10,221: INFO: main: >>>>>> stage Data Ingestion stage completed <<<<<<

x==========x]
[2024-01-22 01:20:03,128: INFO: main: >>>>>> stage Data Ingestion stage started <<<<<<]
[2024-01-22 01:20:03,130: INFO: common: yaml file: config\config.yaml loaded successfully]
[2024-01-22 01:20:03,130: INFO: common: yaml file: params.yaml loaded successfully]
[2024-01-22 01:20:03,133: INFO: common: created directory at: artifacts]
[2024-01-22 01:20:03,134: INFO: common: created directory at: artifacts/data_ingestion]
[2024-01-22 01:20:03,134: INFO: data_ingestion: File already exists of size: ~ 11345 KB]
[2024-01-22 01:20:03,491: INFO: main: >>>>>> stage Data Ingestion stage completed <<<<<<

x==========x]
[2024-01-22 02:34:23,496: WARNING: module_wrapper: From D:\project\chicken_project2\venv\Lib\site-packages\keras\src\losses.py:2976: The name tf.losses.sparse_softmax_cross_entropy is deprecated. Please use tf.compat.v1.losses.sparse_softmax_cross_entropy instead.
]
[2024-01-22 02:36:27,511: INFO: common: yaml file: config\config.yaml loaded successfully]
[2024-01-22 02:36:27,519: INFO: common: yaml file: params.yaml loaded successfully]
[2024-01-22 02:36:27,519: INFO: common: created directory at: artifacts]
[2024-01-22 02:36:27,527: INFO: common: created directory at: artifacts/prepare_base_model]
[2024-01-22 02:36:27,981: WARNING: module_wrapper: From D:\project\chicken_project2\venv\Lib\site-packages\keras\src\backend.py:1398: The name tf.executing_eagerly_outside_functions is deprecated. Please use tf.compat.v1.executing_eagerly_outside_functions instead.
]
[2024-01-22 02:36:28,462: WARNING: module_wrapper: From D:\project\chicken_project2\venv\Lib\site-packages\keras\src\layers\pooling\max_pooling2d.py:161: The name tf.nn.max_pool is deprecated. Please use tf.nn.max_pool2d instead.
]
[2024-01-22 02:36:53,154: WARNING: saving_utils: Compiled the loaded model, but the compiled metrics have yet to be built. `model.compile_metrics` will be empty until you train or evaluate the model.]
[2024-01-22 03:17:40,588: WARNING: module_wrapper: From D:\project\chicken_project2\venv\Lib\site-packages\keras\src\losses.py:2976: The name tf.losses.sparse_softmax_cross_entropy is deprecated. Please use tf.compat.v1.losses.sparse_softmax_cross_entropy instead.
]
[2024-01-22 03:17:42,572: INFO: main: >>>>>> stage Data Ingestion stage started <<<<<<]
[2024-01-22 03:17:42,572: INFO: common: yaml file: config\config.yaml loaded successfully]
[2024-01-22 03:17:42,572: INFO: common: yaml file: params.yaml loaded successfully]
[2024-01-22 03:17:42,572: INFO: common: created directory at: artifacts]
[2024-01-22 03:17:42,572: INFO: common: created directory at: artifacts/data_ingestion]
[2024-01-22 03:17:42,572: INFO: data_ingestion: File already exists of size: ~ 11345 KB]
[2024-01-22 03:17:43,010: INFO: main: >>>>>> stage Data Ingestion stage completed <<<<<<

x==========x]
[2024-01-22 03:17:43,010: INFO: main: *******************]
[2024-01-22 03:17:43,012: INFO: main: >>>>>> stage Prepare base model started <<<<<<]
[2024-01-22 03:17:43,012: INFO: common: yaml file: config\config.yaml loaded successfully]
[2024-01-22 03:17:43,012: INFO: common: yaml file: params.yaml loaded successfully]
[2024-01-22 03:17:43,012: INFO: common: created directory at: artifacts]
[2024-01-22 03:17:43,012: INFO: common: created directory at: artifacts/prepare_base_model]
[2024-01-22 03:17:43,240: WARNING: module_wrapper: From D:\project\chicken_project2\venv\Lib\site-packages\keras\src\backend.py:1398: The name tf.executing_eagerly_outside_functions is deprecated. Please use tf.compat.v1.executing_eagerly_outside_functions instead.
]
[2024-01-22 03:17:43,353: WARNING: module_wrapper: From D:\project\chicken_project2\venv\Lib\site-packages\keras\src\layers\pooling\max_pooling2d.py:161: The name tf.nn.max_pool is deprecated. Please use tf.nn.max_pool2d instead.
]
[2024-01-22 03:17:44,109: WARNING: saving_utils: Compiled the loaded model, but the compiled metrics have yet to be built. `model.compile_metrics` will be empty until you train or evaluate the model.]
[2024-01-22 03:17:44,409: INFO: main: >>>>>> stage Prepare base model completed <<<<<<

x==========x]
[2024-01-22 03:35:31,622: WARNING: module_wrapper: From D:\project\chicken_project2\venv\Lib\site-packages\keras\src\losses.py:2976: The name tf.losses.sparse_softmax_cross_entropy is deprecated. Please use tf.compat.v1.losses.sparse_softmax_cross_entropy instead.
]
[2024-01-22 03:35:32,000: WARNING: module_wrapper: From D:\project\chicken_project2\venv\Lib\site-packages\keras\src\losses.py:2976: The name tf.losses.sparse_softmax_cross_entropy is deprecated. Please use tf.compat.v1.losses.sparse_softmax_cross_entropy instead.
]
[2024-01-22 03:35:34,585: INFO: steage_02_prepare_base_model: *******************]
[2024-01-22 03:35:34,585: INFO: steage_02_prepare_base_model: >>>>>> stage Prepare base model started <<<<<<]
[2024-01-22 03:35:34,590: INFO: common: yaml file: config\config.yaml loaded successfully]
[2024-01-22 03:35:34,590: INFO: common: yaml file: params.yaml loaded successfully]
[2024-01-22 03:35:34,590: INFO: common: created directory at: artifacts]
[2024-01-22 03:35:34,590: INFO: common: created directory at: artifacts/prepare_base_model]
[2024-01-22 03:35:35,220: WARNING: module_wrapper: From D:\project\chicken_project2\venv\Lib\site-packages\keras\src\backend.py:1398: The name tf.executing_eagerly_outside_functions is deprecated. Please use tf.compat.v1.executing_eagerly_outside_functions instead.
]
[2024-01-22 03:35:35,492: WARNING: module_wrapper: From D:\project\chicken_project2\venv\Lib\site-packages\keras\src\layers\pooling\max_pooling2d.py:161: The name tf.nn.max_pool is deprecated. Please use tf.nn.max_pool2d instead.
]
[2024-01-22 03:35:36,636: WARNING: saving_utils: Compiled the loaded model, but the compiled metrics have yet to be built. `model.compile_metrics` will be empty until you train or evaluate the model.]
[2024-01-22 03:35:37,114: INFO: steage_02_prepare_base_model: >>>>>> stage Prepare base model completed <<<<<<

x==========x]
